<?xml version="1.0" encoding="UTF-8"?>
<!-- Generated by org.testng.reporters.JUnitReportReporter -->
<testsuite skipped="0" hostname="BLRSSH13852621" name="com.wordpress.testcases.HomePageTest" tests="1" failures="0" timestamp="07 Mar 2018 04:48:00 GMT" time="21.946" errors="0">
  <testcase name="homeTest" time="21.946" classname="com.wordpress.testcases.HomePageTest"/>
</testsuite> <!-- com.wordpress.testcases.HomePageTest -->
