<?xml version="1.0" encoding="UTF-8"?>
<!-- Generated by org.testng.reporters.JUnitReportReporter -->
<testsuite skipped="0" hostname="BLRSSH13852621" name="com.wordpress.testcases.PostsPageTest" tests="3" failures="0" timestamp="07 Mar 2018 04:48:00 GMT" time="86.116" errors="0">
  <testcase name="addnewPostsTest" time="27.928" classname="com.wordpress.testcases.PostsPageTest"/>
  <testcase name="addnewPostsTest" time="28.661" classname="com.wordpress.testcases.PostsPageTest"/>
  <testcase name="addnewPostsTest" time="29.527" classname="com.wordpress.testcases.PostsPageTest"/>
</testsuite> <!-- com.wordpress.testcases.PostsPageTest -->
